0 info it worked if it ends with ok
1 verbose cli [ 'C:\\Program Files\\nodejs\\node.exe',
1 verbose cli   'C:\\Users\\tamar.stern\\AppData\\Roaming\\npm\\node_modules\\npm\\bin\\npm-cli.js',
1 verbose cli   'install',
1 verbose cli   '--save',
1 verbose cli   'chai' ]
2 info using npm@4.0.5
3 info using node@v6.9.2
4 silly loadCurrentTree Starting
5 silly install loadCurrentTree
6 silly install readLocalPackageData
7 silly fetchPackageMetaData chai
8 silly fetchNamedPackageData chai
9 silly mapToRegistry name chai
10 silly mapToRegistry using default registry
11 silly mapToRegistry registry http://10.188.25.62:9009/
12 silly mapToRegistry data Result {
12 silly mapToRegistry   raw: 'chai',
12 silly mapToRegistry   scope: null,
12 silly mapToRegistry   escapedName: 'chai',
12 silly mapToRegistry   name: 'chai',
12 silly mapToRegistry   rawSpec: '',
12 silly mapToRegistry   spec: 'latest',
12 silly mapToRegistry   type: 'tag' }
13 silly mapToRegistry uri http://10.188.25.62:9009/chai
14 verbose request uri http://10.188.25.62:9009/chai
15 verbose request no auth needed
16 info attempt registry request try #1 at 6:57:38 PM
17 verbose request using bearer token for auth
18 verbose request id 0ddd1d89b221cb51
19 verbose etag "4c6c5184799b1332c37d6b38f7822914"
20 http request GET http://10.188.25.62:9009/chai
21 silly get cb [ 304, undefined ]
22 verbose etag http://10.188.25.62:9009/chai from cache
23 verbose get saving chai to C:\Users\tamar.stern\AppData\Roaming\npm-cache\10.188.25.62_9009\chai\.cache.json
24 verbose correctMkdir C:\Users\tamar.stern\AppData\Roaming\npm-cache correctMkdir not in flight; initializing
25 silly install normalizeTree
26 silly loadCurrentTree Finishing
27 silly loadIdealTree Starting
28 silly install loadIdealTree
29 silly cloneCurrentTree Starting
30 silly install cloneCurrentTreeToIdealTree
31 silly cloneCurrentTree Finishing
32 silly loadShrinkwrap Starting
33 silly install loadShrinkwrap
34 silly loadShrinkwrap Finishing
35 silly loadAllDepsIntoIdealTree Starting
36 silly install loadAllDepsIntoIdealTree
37 silly resolveWithNewModule chai@4.1.2 checking installable status
38 silly cache add args [ 'chai', null ]
39 verbose cache add spec chai
40 silly cache add parsed spec Result {
40 silly cache add   raw: 'chai',
40 silly cache add   scope: null,
40 silly cache add   escapedName: 'chai',
40 silly cache add   name: 'chai',
40 silly cache add   rawSpec: '',
40 silly cache add   spec: 'latest',
40 silly cache add   type: 'tag' }
41 silly addNamed chai@latest
42 verbose addNamed "latest" is being treated as a dist-tag for chai
43 info addNameTag [ 'chai', 'latest' ]
44 silly mapToRegistry name chai
45 silly mapToRegistry using default registry
46 silly mapToRegistry registry http://10.188.25.62:9009/
47 silly mapToRegistry data Result {
47 silly mapToRegistry   raw: 'chai',
47 silly mapToRegistry   scope: null,
47 silly mapToRegistry   escapedName: 'chai',
47 silly mapToRegistry   name: 'chai',
47 silly mapToRegistry   rawSpec: '',
47 silly mapToRegistry   spec: 'latest',
47 silly mapToRegistry   type: 'tag' }
48 silly mapToRegistry uri http://10.188.25.62:9009/chai
49 verbose addNameTag registry:http://10.188.25.62:9009/chai not in flight; fetching
50 verbose get http://10.188.25.62:9009/chai not expired, no request
51 silly addNameTag next cb for chai with tag latest
52 silly addNamed chai@4.1.2
53 verbose addNamed "4.1.2" is a plain semver version for chai
54 silly mapToRegistry name chai
55 silly mapToRegistry using default registry
56 silly mapToRegistry registry http://10.188.25.62:9009/
57 silly mapToRegistry data Result {
57 silly mapToRegistry   raw: 'chai',
57 silly mapToRegistry   scope: null,
57 silly mapToRegistry   escapedName: 'chai',
57 silly mapToRegistry   name: 'chai',
57 silly mapToRegistry   rawSpec: '',
57 silly mapToRegistry   spec: 'latest',
57 silly mapToRegistry   type: 'tag' }
58 silly mapToRegistry uri http://10.188.25.62:9009/chai
59 verbose addRemoteTarball http://10.188.25.62:9009/chai/-/chai-4.1.2.tgz not in flight; adding
60 verbose addRemoteTarball [ 'http://10.188.25.62:9009/chai/-/chai-4.1.2.tgz',
60 verbose addRemoteTarball   '0f64584ba642f0f2ace2806279f4f06ca23ad73c' ]
61 info retry fetch attempt 1 at 6:57:59 PM
62 info attempt registry request try #1 at 6:57:59 PM
63 http fetch GET http://10.188.25.62:9009/chai/-/chai-4.1.2.tgz
64 verbose request using bearer token for auth
65 error fetch failed http://10.188.25.62:9009/chai/-/chai-4.1.2.tgz
66 silly rollbackFailedOptional Starting
67 silly rollbackFailedOptional Finishing
68 silly runTopLevelLifecycles Finishing
69 silly install printInstalled
70 verbose stack Error: connect ETIMEDOUT 10.188.25.62:9009
70 verbose stack     at Object.exports._errnoException (util.js:1022:11)
70 verbose stack     at exports._exceptionWithHostPort (util.js:1045:20)
70 verbose stack     at TCPConnectWrap.afterConnect [as oncomplete] (net.js:1087:14)
71 verbose cwd E:\try_stuff
72 error Windows_NT 10.0.10586
73 error argv "C:\\Program Files\\nodejs\\node.exe" "C:\\Users\\tamar.stern\\AppData\\Roaming\\npm\\node_modules\\npm\\bin\\npm-cli.js" "install" "--save" "chai"
74 error node v6.9.2
75 error npm  v4.0.5
76 error code ETIMEDOUT
77 error errno ETIMEDOUT
78 error syscall connect
79 error network connect ETIMEDOUT 10.188.25.62:9009
80 error network This is most likely not a problem with npm itself
80 error network and is related to network connectivity.
80 error network In most cases you are behind a proxy or have bad network settings.
80 error network
80 error network If you are behind a proxy, please make sure that the
80 error network 'proxy' config is set properly.  See: 'npm help config'
81 verbose exit [ 1, true ]
